<?xml version="1.0" encoding="UTF-8"?>
<testsuite xmlns:xsi="http://www.w3.org/2001/XMLSchema-instance" xsi:noNamespaceSchemaLocation="https://maven.apache.org/surefire/maven-surefire-plugin/xsd/surefire-test-report.xsd" name="io.quarkus.myfaces.showcase.ShowcaseFt" time="0.759" tests="1" errors="1" skipped="0" failures="0">
  <properties>
[...]
</properties>
  <testcase name="io.quarkus.myfaces.showcase.ShowcaseFt" classname="io.quarkus.myfaces.showcase.ShowcaseFt" time="0.758">
    <error message="Unable to start the runtime runner" type="org.jboss.arquillian.container.spi.client.container.DeploymentException">org.jboss.arquillian.container.spi.client.container.DeploymentException: Unable to start the runtime runner
Caused by: java.lang.IllegalStateException: Failed to create the boostrap class loader
Caused by: io.quarkus.bootstrap.BootstrapException: Failed to locate project pom.xml for /tmp/quarkus-arquillian-test4284398807930930950
</error>
  </testcase>
</testsuite>